####################################################################
EXERCISE LOG FOR 20050812: AM SESSION
PATIENT: <REDACTED>
NURSE: <REDACTED>
####################################################################

Date:	Fri Aug 12 10:18:56 EDT 2005

ID:	A.1
Name:	Toe Rises
Desc:	Rise up on toes and go down again.
Duration:	83
--------------------------------------------------------------------

Date:	Fri Aug 12 10:20:18 EDT 2005

ID:	A.2
Name:	Lean back
Desc:	Lean back on heels.
Duration:	213
--------------------------------------------------------------------

Date:	Fri Aug 12 10:23:52 EDT 2005

ID:	A.3
Name:	Foot taps
Desc:	Tap floor with toes on left foot, right.
Duration:	523
--------------------------------------------------------------------

Date:	Fri Aug 12 10:32:35 EDT 2005

ID:	A.4
Name:	Side swings
Desc:	Move leg out to side and  down (while holding onto the counter) -
do for each leg.
Duration:	272
--------------------------------------------------------------------

Date:	Fri Aug 12 10:37:07 EDT 2005

ID:	A.5
Name:	Deep knee bends
Desc:	Spread feet apart, bend knees (don't go down too far- that's hard
on knees)
Duration:	89
--------------------------------------------------------------------

Date:	Fri Aug 12 10:38:36 EDT 2005

ID:	A.6
Name:	Knee lifts
Desc:	Take a  step back (while facing  holding on to  counter or sink),
and raise and lower knee (do for one leg, then the other.)
Duration:	193
--------------------------------------------------------------------

Date:	Fri Aug 12 10:41:49 EDT 2005

ID:	A.7
Name:	Walk
Desc:	Walk sideways along counter/sink, holding on with one hand.  Turn
around and  walk the  other way.  Do  this several times.   (Make sure
David doesn't drag either foot).  Do 5 cycles.  Do the same thing, but
walking backwards,  taking smaller steps.  Emphasize  control and just
step backwards  (toe-heel).  Hold on  to sink/stove while  doing this;
turn around & go back.  Do this several times.  Do 5 cycles.
Duration:	649
--------------------------------------------------------------------

Date:	Fri Aug 12 10:52:38 EDT 2005

ID:	A.8
Name:	Arm Rotations
Desc:	Hold  left arm  horizontally  to size,  Rotate around  horizontal
axis.  Do this  30 rev's one directino, then 30  rev's in the opposite
direction.  Repeat with right arm.
Duration:	346
--------------------------------------------------------------------

Date:	Fri Aug 12 10:58:24 EDT 2005

ID:	A.9
Name:	Weight lifting
Desc:	Left arm - 6 lb weight,  Raise & lower from left elbow to soulder
height (25 reps).

####################################################################
Midpoint time time is: 2678
0:44:38
This equals: 0 hour(s), 44 minute(s), and 38 second(s)
Duration:	310
--------------------------------------------------------------------

Date:	Fri Aug 12 11:03:34 EDT 2005

ID:	B.1
Name:	Bridging
Desc:	Lie on  your back with your  knees bent, feet flat  on the floor,
and  your arms  at your  sides.   Tighten your  abdonimal and  buttock
muscles as you lift your buttocks  off the floor.  Hold for 5 seconds.
Relax, returning to the starting position.  Repeat 30 times.
