####################################################################
EXERCISE LOG FOR 20050811: PM SESSION
PATIENT: <REDACTED>
NURSE: <REDACTED>
####################################################################
Date:	Thu Aug 11 18:09:13 EDT 2005
ID:	A.1
Name:	Toe Rises
Desc:	Rise up on toes and go down again.
Duration:	1
--------------------------------------------------------------------
Date:	Thu Aug 11 18:09:14 EDT 2005
ID:	A.2
Name:	Lean back
Desc:	Lean back on heels.
Duration:	0
--------------------------------------------------------------------
Date:	Thu Aug 11 18:09:14 EDT 2005
ID:	A.3
Name:	Foot taps
Desc:	Tap floor with toes on left foot, right.
Duration:	1
--------------------------------------------------------------------
Date:	Thu Aug 11 18:09:15 EDT 2005
ID:	A.4
Name:	Side swings
Desc:	Move leg out to side and  down (while holding onto the counter) -
do for each leg.
Duration:	0
--------------------------------------------------------------------
Date:	Thu Aug 11 18:09:15 EDT 2005
ID:	A.5
Name:	Deep knee bends
Desc:	Spread feet apart, bend knees (don't go down too far- that's hard
on knees)
Duration:	1
--------------------------------------------------------------------
Date:	Thu Aug 11 18:09:15 EDT 2005
ID:	A.6
Name:	Knee lifts
Desc:	Take a  step back (while facing  holding on to  counter or sink),
and raise and lower knee (do for one leg, then the other.)
Duration:	0
--------------------------------------------------------------------
Date:	Thu Aug 11 18:09:16 EDT 2005
ID:	A.7
Name:	Walk
Desc:	Walk sideways along counter/sink, holding on with one hand.  Turn
around and  walk the  other way.  Do  this several times.   (Make sure
David doesn't drag either foot).  Do 5 cycles.  Do the same thing, but
walking backwards,  taking smaller steps.  Emphasize  control and just
step backwards  (toe-heel).  Hold on  to sink/stove while  doing this;
turn around & go back.  Do this several times.  Do 5 cycles.
Duration:	0
--------------------------------------------------------------------
Date:	Thu Aug 11 18:09:16 EDT 2005
ID:	A.8
Name:	Arm Rotations
Desc:	Hold  left arm  horizontally  to size,  Rotate around  horizontal
axis.  Do this  30 rev's one directino, then 30  rev's in the opposite
direction.  Repeat with right arm.
Duration:	0
--------------------------------------------------------------------
Date:	Thu Aug 11 18:09:16 EDT 2005
ID:	A.9
Name:	Weight lifting
Desc:	Left arm - 6 lb weight,  Raise & lower from left elbow to soulder
height (25 reps).
####################################################################
Midpoint time time is: 4
0:0:4
This equals: 0 hour(s), 0 minute(s), and 4 second(s)
Duration:	1
####################################################################
Date:	Thu Aug 11 18:09:17 EDT 2005
ID:	B.1
Name:	Bridging
Desc:	Lie on  your back with your  knees bent, feet flat  on the floor,
and  your arms  at your  sides.   Tighten your  abdonimal and  buttock
muscles as you lift your buttocks  off the floor.  Hold for 5 seconds.
Relax, returning to the starting position.  Repeat 30 times.
Duration:	1
--------------------------------------------------------------------
Date:	Thu Aug 11 18:09:18 EDT 2005
ID:	B.2
Name:	Hip Abd/Add, Supine
Desc:	Lie on your back, with your knees straight and your toes pointing
upward.  Move one leg out to  the side as far as possible to stabilize
your  pelbis.  Now slowly  move your  leg out  to the  side as  far as
possible,  then return  to the  starting position.   Be sure  to leave
yourself enough room. Repeat 30 times.
Duration:	1
--------------------------------------------------------------------
Date:	Thu Aug 11 18:09:19 EDT 2005
ID:	B.3
Name:	Ankle Pumps
Desc:	Sitting or  lying down, alternatively point foot  down then bring
it up toward shin.  Repeat 30 times
Duration:	0
--------------------------------------------------------------------
Date:	Thu Aug 11 18:09:19 EDT 2005
ID:	B.4
Name:	Heel Slides
Desc:	Lie on  back.  Slide  on heel along  bed toward buttock.   Hold 3
seconds.  Slide back to flat.  Repeat 30 times.
Duration:	0
--------------------------------------------------------------------
Date:	Thu Aug 11 18:09:19 EDT 2005
ID:	B.5
Name:	Knee Rolls, Supine
Desc:	Lie on back with knees  bent.  Hold abdomen and waistline firm as
you roll  both knees to one side  about 8 inches.  Then  roll them the
same distance  to the other  side.  Do this exercise  rhythmically and
with control.  Repeat 30 times.
Duration:	1
--------------------------------------------------------------------
Date:	Thu Aug 11 18:09:20 EDT 2005
ID:	B.6
Name:	Seated Arm Circling
Desc:	Sit  straight in  chair with  feet flat  on floor.   Hold abdomen
tight throughout this  exercise.  Make large circles with  arms out to
sides, 5 times in each directino.  Repeat 30 times.
Duration:	0
--------------------------------------------------------------------
Date:	Thu Aug 11 18:09:20 EDT 2005
ID:	B.7
Name:	Straight Leg Raise
Desc:	Lie on back  with one leg straight and the  other leg bent.  Hold
abdomen tight throughtout exercise, tighten knee and lift straight leg
slowly to  level of other  knee.  Lower slowly.   Repeat 3 sets  of 10
times.
Duration:	0
--------------------------------------------------------------------
Date:	Thu Aug 11 18:09:20 EDT 2005
ID:	B.8
Name:	Hip Abduction, Sidelying
Desc:	Lie on one  side with top leg straight and  other leg bent.  Lift
top  leg  up and  slightly  to the  back.   Lower  slowly.  Repeat  30
times.
Duration:	0
--------------------------------------------------------------------
Date:	Thu Aug 11 18:09:20 EDT 2005
ID:	B.9
Name:	Prone Hamstring Curl
Desc:	Lie face down.  Use a pillow  or a towel roll under your forehead
if  you cannot turn  your head.   Bend your  knee as  far as  you can.
Don't let your hip lift up as you bend.  Relax.  Repeat 30 times.
Duration:	1
--------------------------------------------------------------------
Date:	Thu Aug 11 18:09:20 EDT 2005
ID:	B.10
Name:	 Prone Hip Extension
Desc:	Lie face  down.  Use a pillow  or a towel roll  under forehead if
you cannot turn face to side.   Tighten buttocks and lift one leg vack
from hip.   Keep pelvis on  bed (don't roll  to side or  bend opposite
hip).  Lower.  Repeat 30 times.
Duration:	0
--------------------------------------------------------------------
Date:	Thu Aug 11 18:09:21 EDT 2005
ID:	B.11
Name:	 Seated Marching
Desc:	Sit  with  good  posture.   Hold abdomen  tight  throughout  this
exercise.  Lift knees alternatively 30 times.
####################################################################
Total time was: 8
0:0:8
This equals: 0 hour(s), 0 minute(s), and 8 second(s)
I have logged everything in today's log file.
Logfile is /home/mburch/akahige/exercises/logs/20050811.pm.perl.exercise.log.
####################################################################