Morning

A.1. Toe Rises

A.2. Lean back

A.3. Foot taps

A.4. Side swings

A.5. Deep knee bends

A.6. Knee lifts

A.7. Walk

A.8. Arm Rotations

A.9. Weight lifting

B.1. Bridging

B.2. Hip Abd/Add, Supine

B.3. Ankle Pumps

B.4. Heel Slides

B.5. Knee Rolls, Supine

B.6. Seated Arm Circling

B.7. Straight Leg Raise

B.8. Hip Abduction, Sidelying

B.9. Prone Hamstring Curl

B.10. Prone Hip Extension

B.11. Seated Marching

Evening

A.1. Toe Rises

A.2. Lean back

A.3. Foot taps

A.4. Side swings

A.5. Deep knee bends

A.6. Knee lifts

A.7. Walk

A.8. Arm Rotations

A.9. Weight lifting

B.1. Bridging

B.2. Hip Abd/Add, Supine

B.3. Ankle Pumps

B.4. Heel Slides

B.5. Knee Rolls, Supine

B.6. Seated Arm Circling

B.7. Straight Leg Raise

B.8. Hip Abduction, Sidelying

B.9. Prone Hamstring Curl

B.10. Prone Hip Extension

B.11. Seated Marching
